Arguments: 
  C:\nodejs\node.exe C:\Users\onepr\AppData\Roaming\npm\node_modules\yarn\bin\yarn.js install

PATH: 
  D:\Projects\IPR Project\ng-basics\node_modules\.bin;C:\Python310\Scripts\;C:\Python310\;C:\Program Files\Common Files\Oracle\Java\javapath;C:\Program Files (x86)\Common Files\Oracle\Java\javapath;C:\ProgramData\Oracle\Java\javapath;C:\Windows\system32;C:\Windows;C:\Windows\System32\Wbem;C:\Windows\System32\WindowsPowerShell\v1.0\;C:\Windows\System32\OpenSSH\;C:\Program Files\dotnet\;C:\Program Files\Microsoft SQL Server\130\Tools\Binn\;C:\Program Files\Microsoft SQL Server\Client SDK\ODBC\170\Tools\Binn\;C:\Program Files\Microsoft\Web Platform Installer\;D:\Program Files\php-8.0.2-nts-Win32-vs16-x64;C:\composer;C:\WINDOWS\system32;C:\WINDOWS;C:\WINDOWS\System32\Wbem;C:\WINDOWS\System32\WindowsPowerShell\v1.0\;C:\WINDOWS\System32\OpenSSH\;C:\Program Files\Git\cmd;C:\Program Files\Docker\Docker\resources\bin;C:\ProgramData\DockerDesktop\version-bin;C:\Program Files\PuTTY\;";C:\Program Files\Java\jdk1.8.0_161\bin;C:\Programs\apache-maven-3.3.9\bin;C:\Program Files (x86)\Yarn\bin;";C:\Program Files\Microsoft SQL Server\150\Tools\Binn\;C:\ProgramData\chocolatey\bin;C:\nvm;C:\nodejs;C:\Users\onepr\AppData\Local\Microsoft\WindowsApps;C:\Users\onepr\.dotnet\tools;C:\Users\onepr\AppData\Roaming\Composer\vendor\bin;C:\Users\onepr\AppData\Roaming\npm;C:\nvm;C:\nodejs

Yarn version: 
  1.22.17

Node version: 
  14.17.3

Platform: 
  win32 x64

Trace: 
  Error: getaddrinfo ENOTFOUND ci.parmalogica.ru
      at GetAddrInfoReqWrap.onlookup [as oncomplete] (dns.js:69:26)

npm manifest: 
  {
    "name": "ng-basics",
    "version": "0.0.0",
    "scripts": {
      "ng": "ng",
      "start": "ng serve",
      "build": "ng build --prod",
      "test": "jest",
      "lint": "ng lint",
      "e2e": "ng e2e"
    },
    "private": true,
    "dependencies": {
      "@angular/animations": "9.1.13",
      "@angular/cdk": "^9.2.4",
      "@angular/cdk-experimental": "^9.2.4",
      "@angular/common": "9.1.13",
      "@angular/compiler": "9.1.13",
      "@angular/core": "9.1.13",
      "@angular/forms": "9.1.13",
      "@angular/localize": "^13.2.1",
      "@angular/material": "^9.2.4",
      "@angular/material-moment-adapter": "9.2.4",
      "@angular/platform-browser": "9.1.13",
      "@angular/platform-browser-dynamic": "9.1.13",
      "@angular/router": "9.1.13",
      "@parma/gp-tools": "^5.0.0",
      "@parma/gp-uikit-components": "^8.5.0",
      "@parma/gp-uikit-styles": "^5.4.3",
      "@progress/kendo-angular-intl": "^3.1.2",
      "@progress/kendo-licensing": "^1.2.2",
      "@swimlane/dragula": "^3.8.0",
      "@swimlane/ngx-dnd": "^8.2.0",
      "@types/resize-observer-browser": "^0.1.5",
      "angular-resizable-element": "^3.3.4",
      "bootstrap": "^4.5.3",
      "core-js": "2.5.7",
      "date-fns": "^2.16.1",
      "g": "^2.0.1",
      "jquery": "^3.5.1",
      "karma-webpack": "^4.0.2",
      "moment": "2.22.2",
      "perfect-scrollbar": "1.4.0",
      "popper.js": "^1.16.1",
      "rxjs": "^6.6.3",
      "s": "^0.1.1",
      "tslib": "^1.10.0",
      "zone.js": "~0.10.2"
    },
    "devDependencies": {
      "@angular-devkit/build-angular": "~0.901.13",
      "@angular-devkit/build-ng-packagr": "~0.901.13",
      "@angular/cli": "9.1.13",
      "@angular/compiler-cli": "^9.1.13",
      "@angular/language-service": "9.1.13",
      "@types/jasmine": "2.8.7",
      "@types/jasminewd2": "2.0.3",
      "@types/jest": "^28.1.1",
      "@types/node": "^12.11.1",
      "codelyzer": "^5.1.2",
      "concat": "^1.0.3",
      "husky": "^5.0.9",
      "jasmine-core": "^3.6.0",
      "jasmine-spec-reporter": "~4.2.1",
      "jest": "^28.1.1",
      "jest-preset-angular": "^12.1.0",
      "karma": "2.0.2",
      "karma-chrome-launcher": "~2.2.0",
      "karma-coverage-istanbul-reporter": "1.4.2",
      "karma-jasmine": "1.1.2",
      "karma-jasmine-html-reporter": "^1.5.4",
      "ng-packagr": "^9.1.5",
      "prettier": "2.2.1",
      "pretty-quick": "^3.1.0",
      "protractor": "5.3.2",
      "ts-node": "7.0.0",
      "tslint": "5.11.0",
      "typescript": "^3.8.2",
      "webpack-bundle-analyzer": "^3.3.2"
    }
  }

yarn manifest: 
  No manifest

Lockfile: 
  No lockfile
